22:49:19.334 [main] DEBUG org.testng.TestNG - suiteXmlPath: "E:\SeleniumPracticeMarch\DataDrivenFramework\master.xml"
22:49:20.048 [main] INFO  org.testng.internal.Utils - [TestNG] Running:
  E:\SeleniumPracticeMarch\DataDrivenFramework\master.xml

22:49:37.807 [main] INFO  testCases.TC001_AccountRegistrationTest - ***Starting TC001_AccountRegistrationTest **** 
22:49:38.916 [main] INFO  testCases.TC001_AccountRegistrationTest - Clicked my account link
22:49:40.080 [main] INFO  testCases.TC001_AccountRegistrationTest - Clicked my Register link
22:49:40.085 [main] INFO  testCases.TC001_AccountRegistrationTest - Providing customer details
22:49:43.295 [main] INFO  testCases.TC001_AccountRegistrationTest - ****Finished TC001_AccountRegistrationTest****
22:50:15.061 [main] DEBUG org.testng.TestNG - suiteXmlPath: "E:\SeleniumPracticeMarch\DataDrivenFramework\master.xml"
22:50:15.869 [main] INFO  org.testng.internal.Utils - [TestNG] Running:
  E:\SeleniumPracticeMarch\DataDrivenFramework\master.xml

22:50:29.493 [main] INFO  testCases.TC001_AccountRegistrationTest - ***Starting TC001_AccountRegistrationTest **** 
22:50:29.763 [main] INFO  testCases.TC001_AccountRegistrationTest - Clicked my account link
22:50:30.274 [main] INFO  testCases.TC001_AccountRegistrationTest - Clicked my Register link
22:50:30.278 [main] INFO  testCases.TC001_AccountRegistrationTest - Providing customer details
22:50:33.616 [main] INFO  testCases.TC001_AccountRegistrationTest - ****Finished TC001_AccountRegistrationTest****
22:59:29.404 [main] DEBUG org.testng.TestNG - suiteXmlPath: "E:\SeleniumPracticeMarch\DataDrivenFramework\crossbrowsertesting.xml"
22:59:30.274 [main] INFO  org.testng.internal.Utils - [TestNG] Running:
  E:\SeleniumPracticeMarch\DataDrivenFramework\crossbrowsertesting.xml

22:59:40.114 [main] INFO  testCases.TC001_AccountRegistrationTest - ***Starting TC001_AccountRegistrationTest **** 
22:59:41.033 [main] INFO  testCases.TC001_AccountRegistrationTest - Clicked my account link
22:59:41.921 [main] INFO  testCases.TC001_AccountRegistrationTest - Clicked my Register link
22:59:41.930 [main] INFO  testCases.TC001_AccountRegistrationTest - Providing customer details
22:59:45.360 [main] INFO  testCases.TC001_AccountRegistrationTest - ****Finished TC001_AccountRegistrationTest****
22:59:55.214 [main] INFO  testCases.TC001_AccountRegistrationTest - ***Starting TC001_AccountRegistrationTest **** 
22:59:55.492 [main] INFO  testCases.TC001_AccountRegistrationTest - Clicked my account link
22:59:56.170 [main] INFO  testCases.TC001_AccountRegistrationTest - Clicked my Register link
22:59:56.172 [main] INFO  testCases.TC001_AccountRegistrationTest - Providing customer details
22:59:59.393 [main] INFO  testCases.TC001_AccountRegistrationTest - ****Finished TC001_AccountRegistrationTest****
23:00:38.446 [main] DEBUG org.testng.TestNG - suiteXmlPath: "E:\SeleniumPracticeMarch\DataDrivenFramework\crossbrowsertesting.xml"
23:00:39.087 [main] INFO  org.testng.internal.Utils - [TestNG] Running:
  E:\SeleniumPracticeMarch\DataDrivenFramework\crossbrowsertesting.xml

23:00:52.618 [TestNG-tests-1] INFO  testCases.TC001_AccountRegistrationTest - ***Starting TC001_AccountRegistrationTest **** 
23:00:53.643 [TestNG-tests-2] INFO  testCases.TC001_AccountRegistrationTest - ***Starting TC001_AccountRegistrationTest **** 
23:00:54.143 [TestNG-tests-1] INFO  testCases.TC001_AccountRegistrationTest - Clicked my account link
23:00:54.510 [TestNG-tests-2] INFO  testCases.TC001_AccountRegistrationTest - Clicked my account link
23:00:55.477 [TestNG-tests-1] INFO  testCases.TC001_AccountRegistrationTest - Clicked my Register link
23:00:55.519 [TestNG-tests-1] INFO  testCases.TC001_AccountRegistrationTest - Providing customer details
23:00:55.588 [TestNG-tests-2] INFO  testCases.TC001_AccountRegistrationTest - Clicked my Register link
23:00:55.589 [TestNG-tests-2] INFO  testCases.TC001_AccountRegistrationTest - Providing customer details
23:01:00.451 [TestNG-tests-2] INFO  testCases.TC001_AccountRegistrationTest - ****Finished TC001_AccountRegistrationTest****
23:01:00.563 [TestNG-tests-1] INFO  testCases.TC001_AccountRegistrationTest - ****Finished TC001_AccountRegistrationTest****
13:35:48.586 [main] DEBUG org.testng.TestNG - suiteXmlPath: "E:\SeleniumPracticeMarch\DataDrivenFramework\master.xml"
13:35:50.395 [main] INFO  org.testng.internal.Utils - [TestNG] Running:
  E:\SeleniumPracticeMarch\DataDrivenFramework\master.xml

13:36:03.003 [main] INFO  testCases.TC001_AccountRegistrationTest - ***Starting TC001_AccountRegistrationTest **** 
13:36:03.761 [main] INFO  testCases.TC001_AccountRegistrationTest - Clicked my account link
13:36:04.597 [main] INFO  testCases.TC001_AccountRegistrationTest - Clicked my Register link
13:36:04.606 [main] INFO  testCases.TC001_AccountRegistrationTest - Providing customer details
13:37:17.264 [main] DEBUG org.testng.TestNG - suiteXmlPath: "E:\SeleniumPracticeMarch\DataDrivenFramework\master.xml"
